[2016-Sep-04 18:39:10.646041] ERROR "Bad request, missing username/password specification"
[2016-Sep-04 18:39:10.653041] ERROR "Bad request, missing username/password specification"
[2016-Sep-04 18:41:43.543786] ERROR "Bad request, missing username/password specification"
[2016-Sep-04 18:42:01.756828] ERROR "Bad request, missing username/password specification"
[2016-Sep-04 18:48:22.060580] ERROR "Bad request, missing username/password specification"
[2016-Sep-04 18:48:32.686187] ERROR "Bad request, missing username/password specification"
[2016-Sep-04 18:48:36.680416] ERROR "Bad request, missing username/password specification"
[2016-Sep-04 20:45:16.943808] ERROR "Bad request, missing username/password specification"
[2016-Sep-04 20:45:25.584302] ERROR "Bad request, missing username/password specification"
[2016-Sep-04 20:45:37.964010] ERROR "Unknown exception/error in persistence access"
[2016-Sep-04 20:47:00.736745] ERROR "Unknown exception/error in persistence access"
[2016-Sep-04 20:49:11.962250] ERROR "Unknown exception/error in persistence access"
[2016-Sep-04 21:32:51.105057] ERROR "Unknown exception/error in persistence access"
[2016-Sep-04 21:39:19.563275] ERROR "Unknown exception/error in persistence access"
[2016-Sep-04 22:38:39.404887] ERROR "Registration failed. User name already exists"
[2016-Sep-04 22:43:22.010051] ERROR "Bad request, missing username/password specification"
[2016-Sep-04 22:43:36.875901] ERROR "Bad request, missing username/password specification"
[2016-Sep-04 22:43:41.107143] ERROR "Bad request, missing username/password specification"
[2016-Sep-04 22:43:45.045368] ERROR "Bad request, missing username/password specification"
[2016-Sep-04 22:43:49.140602] ERROR "Bad request, missing username/password specification"
[2016-Sep-04 22:43:51.671747] ERROR "Bad request, missing username/password specification"
[2016-Sep-05 10:14:52.725303] ERROR "Bad request, missing username/password specification:"
[2016-Sep-05 10:58:01.911454] ERROR "Bad request, missing username/password specification:"
[2016-Sep-05 10:58:11.706015] ERROR "Bad request, missing username/password specification:"
[2016-Sep-05 10:59:14.453603] ERROR "Bad request, missing/invalid stock code for quote"
[2016-Sep-05 19:32:03.711851] ERROR "Bad request, in specifying quantity"
[2016-Sep-05 19:34:21.638740] ERROR "Bad request, missing/invalid stock code for quote"
[2016-Sep-05 19:34:35.155513] ERROR "Bad request, in specifying quantity"
[2016-Sep-05 19:35:11.684602] ERROR "Bad request, in specifying quantity"
[2016-Sep-05 19:37:06.762184] ERROR "Bad request, in specifying quantity"
[2016-Sep-05 19:50:33.219311] ERROR "Bad request, in specifying quantity"
[2016-Sep-05 19:51:56.143054] ERROR "Bad request, in specifying quantity"
[2016-Sep-05 19:53:29.247379] ERROR "Bad request, in specifying price"
[2016-Sep-05 19:54:28.841788] ERROR "Bad request, balance cash not sufficient for the buy transaction:Failed to buy : Insufficient balance funds"
[2016-Sep-05 19:55:32.097406] ERROR "Bad request, balance cash not sufficient for the buy transaction:Failed to buy : Insufficient balance funds"
[2016-Sep-05 19:56:56.170214] ERROR "Bad request, balance cash not sufficient for the buy transaction:Failed to buy : Insufficient balance funds"
[2016-Sep-05 19:58:20.738051] ERROR "Bad request, balance cash not sufficient for the buy transaction:Failed to buy : Insufficient balance funds"
[2016-Sep-05 19:59:47.867035] ERROR "Bad request, balance cash not sufficient for the buy transaction:Failed to buy : Insufficient balance funds"
[2016-Sep-05 21:41:08.826846] ERROR "Bad request, missing/invalid stock code for quote"
[2016-Sep-05 21:41:20.784530] ERROR "Bad request, missing/invalid stock code for quote:Failed to find Stock with code"
[2016-Sep-05 21:52:41.129443] ERROR "Bad request, balance cash not sufficient for the buy transaction:Failed to buy : Insufficient balance funds"
[2016-Sep-05 23:35:39.393632] ERROR "Bad request, missing/invalid stock code for quote"
[2016-Sep-05 23:37:37.736401] ERROR "Bad request, in specifying quantity"
[2016-Sep-05 23:37:48.035990] ERROR "Bad request, in specifying price"
[2016-Sep-05 23:37:56.457472] ERROR "Bad request, portfolio does not have sufficient quantity of stock:Failed to sell : Insufficient balance funds"
[2016-Sep-05 23:38:05.745003] ERROR "Bad request, portfolio does not have sufficient quantity of stock:Failed to sell : Insufficient balance funds"
[2016-Sep-05 23:39:05.004392] ERROR "Bad request, portfolio does not have sufficient quantity of stock:Failed to sell : Insufficient balance funds"
[2016-Sep-05 23:39:21.256322] ERROR "Bad request, missing/invalid stock code for quote"
[2016-Sep-05 23:48:08.250464] ERROR "Bad request, missing/invalid stock code for quote"
[2016-Sep-05 23:48:19.196090] ERROR "Bad request, in specifying quantity"
[2016-Sep-05 23:48:26.968535] ERROR "Bad request, in specifying quantity"
[2016-Sep-05 23:49:39.569687] ERROR "Bad request, portfolio does not have sufficient quantity of stock:Failed to sell : Insufficient balance funds"
[2016-Sep-06 00:03:02.344603] ERROR "Unknown exception/error in persistence access:Failed to buy : Error updating persistence. returning without commit."
[2016-Sep-06 00:03:49.653309] ERROR "Unknown exception/error in persistence access:Failed to buy : Error updating persistence. returning without commit."
[2016-Sep-06 00:05:44.545881] ERROR "Bad request, portfolio does not have sufficient quantity of stock:Failed to sell : Insufficient portfolio"
[2016-Sep-06 00:06:54.423878] ERROR "Bad request, portfolio does not have sufficient quantity of stock:Failed to sell : Insufficient portfolio"
